# JRE version: Java(TM) SE Runtime Environment (7.0_80-b15) (build 1.7.0_80-b15)
# Java VM: Java HotSpot(TM) 64-Bit Server VM (24.80-b11 mixed mode linux-amd64 compressed oops)
Heap
 PSYoungGen      total 275456K, used 156543K [0x00000000eaa80000, 0x0000000100000000, 0x0000000100000000)
  eden space 229888K, 48% used [0x00000000eaa80000,0x00000000f16e52e8,0x00000000f8b00000)
  from space 45568K, 99% used [0x00000000f8b00000,0x00000000fb77ac30,0x00000000fb780000)
  to   space 64512K, 0% used [0x00000000fc100000,0x00000000fc100000,0x0000000100000000)
 ParOldGen       total 71680K, used 52670K [0x00000000c0000000, 0x00000000c4600000, 0x00000000eaa80000)
  object space 71680K, 73% used [0x00000000c0000000,0x00000000c336f890,0x00000000c4600000)
 PSPermGen       total 88064K, used 84436K [0x00000000a8000000, 0x00000000ad600000, 0x00000000c0000000)
  object space 88064K, 95% used [0x00000000a8000000,0x00000000ad275380,0x00000000ad600000)
GC Heap History (10 events):
Event: 10,123 GC heap before
{Heap before GC invocations=21 (full 2):
 PSYoungGen      total 215040K, used 208082K [0x00000000eaa80000, 0x00000000fa880000, 0x0000000100000000)
  eden space 180736K, 100% used [0x00000000eaa80000,0x00000000f5b00000,0x00000000f5b00000)
  from space 34304K, 79% used [0x00000000f7f80000,0x00000000f9a34828,0x00000000fa100000)
  to   space 37376K, 0% used [0x00000000f5b00000,0x00000000f5b00000,0x00000000f7f80000)
 ParOldGen       total 71680K, used 46914K [0x00000000c0000000, 0x00000000c4600000, 0x00000000eaa80000)
  object space 71680K, 65% used [0x00000000c0000000,0x00000000c2dd0ab8,0x00000000c4600000)
 PSPermGen       total 88064K, used 75872K [0x00000000a8000000, 0x00000000ad600000, 0x00000000c0000000)
  object space 88064K, 86% used [0x00000000a8000000,0x00000000aca18318,0x00000000ad600000)
Event: 10,153 GC heap after
Heap after GC invocations=21 (full 2):
 PSYoungGen      total 218112K, used 34281K [0x00000000eaa80000, 0x00000000fcc80000, 0x0000000100000000)
  eden space 180736K, 0% used [0x00000000eaa80000,0x00000000eaa80000,0x00000000f5b00000)
  from space 37376K, 91% used [0x00000000f5b00000,0x00000000f7c7a4c0,0x00000000f7f80000)
  to   space 42496K, 0% used [0x00000000fa300000,0x00000000fa300000,0x00000000fcc80000)
 ParOldGen       total 71680K, used 46914K [0x00000000c0000000, 0x00000000c4600000, 0x00000000eaa80000)
  object space 71680K, 65% used [0x00000000c0000000,0x00000000c2dd0ab8,0x00000000c4600000)
 PSPermGen       total 88064K, used 75872K [0x00000000a8000000, 0x00000000ad600000, 0x00000000c0000000)
  object space 88064K, 86% used [0x00000000a8000000,0x00000000aca18318,0x00000000ad600000)
}
Event: 10,742 GC heap before
{Heap before GC invocations=22 (full 2):
 PSYoungGen      total 218112K, used 215017K [0x00000000eaa80000, 0x00000000fcc80000, 0x0000000100000000)
  eden space 180736K, 100% used [0x00000000eaa80000,0x00000000f5b00000,0x00000000f5b00000)
  from space 37376K, 91% used [0x00000000f5b00000,0x00000000f7c7a4c0,0x00000000f7f80000)
  to   space 42496K, 0% used [0x00000000fa300000,0x00000000fa300000,0x00000000fcc80000)
 ParOldGen       total 71680K, used 46914K [0x00000000c0000000, 0x00000000c4600000, 0x00000000eaa80000)
  object space 71680K, 65% used [0x00000000c0000000,0x00000000c2dd0ab8,0x00000000c4600000)
 PSPermGen       total 88064K, used 78077K [0x00000000a8000000, 0x00000000ad600000, 0x00000000c0000000)
  object space 88064K, 88% used [0x00000000a8000000,0x00000000acc3f598,0x00000000ad600000)
Event: 10,773 GC heap after
Heap after GC invocations=22 (full 2):
 PSYoungGen      total 249856K, used 37374K [0x00000000eaa80000, 0x00000000fd780000, 0x0000000100000000)
  eden space 207360K, 0% used [0x00000000eaa80000,0x00000000eaa80000,0x00000000f7500000)
  from space 42496K, 87% used [0x00000000fa300000,0x00000000fc77fb10,0x00000000fcc80000)
  to   space 47104K, 0% used [0x00000000f7500000,0x00000000f7500000,0x00000000fa300000)
 ParOldGen       total 71680K, used 46914K [0x00000000c0000000, 0x00000000c4600000, 0x00000000eaa80000)
  object space 71680K, 65% used [0x00000000c0000000,0x00000000c2dd0ab8,0x00000000c4600000)
 PSPermGen       total 88064K, used 78077K [0x00000000a8000000, 0x00000000ad600000, 0x00000000c0000000)
  object space 88064K, 88% used [0x00000000a8000000,0x00000000acc3f598,0x00000000ad600000)
}
Event: 11,549 GC heap before
{Heap before GC invocations=23 (full 2):
 PSYoungGen      total 249856K, used 244734K [0x00000000eaa80000, 0x00000000fd780000, 0x0000000100000000)
  eden space 207360K, 100% used [0x00000000eaa80000,0x00000000f7500000,0x00000000f7500000)
  from space 42496K, 87% used [0x00000000fa300000,0x00000000fc77fb10,0x00000000fcc80000)
  to   space 47104K, 0% used [0x00000000f7500000,0x00000000f7500000,0x00000000fa300000)
 ParOldGen       total 71680K, used 46914K [0x00000000c0000000, 0x00000000c4600000, 0x00000000eaa80000)
  object space 71680K, 65% used [0x00000000c0000000,0x00000000c2dd0ab8,0x00000000c4600000)
 PSPermGen       total 88064K, used 80795K [0x00000000a8000000, 0x00000000ad600000, 0x00000000c0000000)
  object space 88064K, 91% used [0x00000000a8000000,0x00000000acee6d20,0x00000000ad600000)
Event: 11,589 GC heap after
Heap after GC invocations=23 (full 2):
 PSYoungGen      total 254464K, used 42928K [0x00000000eaa80000, 0x0000000100000000, 0x0000000100000000)
  eden space 207360K, 0% used [0x00000000eaa80000,0x00000000eaa80000,0x00000000f7500000)
  from space 47104K, 91% used [0x00000000f7500000,0x00000000f9eec188,0x00000000fa300000)
  to   space 53248K, 0% used [0x00000000fcc00000,0x00000000fcc00000,0x0000000100000000)
 ParOldGen       total 71680K, used 46914K [0x00000000c0000000, 0x00000000c4600000, 0x00000000eaa80000)
  object space 71680K, 65% used [0x00000000c0000000,0x00000000c2dd0ab8,0x00000000c4600000)
 PSPermGen       total 88064K, used 80795K [0x00000000a8000000, 0x00000000ad600000, 0x00000000c0000000)
  object space 88064K, 91% used [0x00000000a8000000,0x00000000acee6d20,0x00000000ad600000)
}
Event: 12,028 GC heap before
{Heap before GC invocations=24 (full 2):
 PSYoungGen      total 254464K, used 250288K [0x00000000eaa80000, 0x0000000100000000, 0x0000000100000000)
  eden space 207360K, 100% used [0x00000000eaa80000,0x00000000f7500000,0x00000000f7500000)
  from space 47104K, 91% used [0x00000000f7500000,0x00000000f9eec188,0x00000000fa300000)
  to   space 53248K, 0% used [0x00000000fcc00000,0x00000000fcc00000,0x0000000100000000)
 ParOldGen       total 71680K, used 46914K [0x00000000c0000000, 0x00000000c4600000, 0x00000000eaa80000)
  object space 71680K, 65% used [0x00000000c0000000,0x00000000c2dd0ab8,0x00000000c4600000)
 PSPermGen       total 88064K, used 81341K [0x00000000a8000000, 0x00000000ad600000, 0x00000000c0000000)
  object space 88064K, 92% used [0x00000000a8000000,0x00000000acf6f458,0x00000000ad600000)
Event: 12,066 GC heap after
Heap after GC invocations=24 (full 2):
 PSYoungGen      total 283136K, used 48136K [0x00000000eaa80000, 0x0000000100000000, 0x0000000100000000)
  eden space 229888K, 0% used [0x00000000eaa80000,0x00000000eaa80000,0x00000000f8b00000)
  from space 53248K, 90% used [0x00000000fcc00000,0x00000000ffb022f0,0x0000000100000000)
  to   space 59904K, 0% used [0x00000000f8b00000,0x00000000f8b00000,0x00000000fc580000)
 ParOldGen       total 71680K, used 46914K [0x00000000c0000000, 0x00000000c4600000, 0x00000000eaa80000)
  object space 71680K, 65% used [0x00000000c0000000,0x00000000c2dd0ab8,0x00000000c4600000)
 PSPermGen       total 88064K, used 81341K [0x00000000a8000000, 0x00000000ad600000, 0x00000000c0000000)
  object space 88064K, 92% used [0x00000000a8000000,0x00000000acf6f458,0x00000000ad600000)
}
Event: 12,427 GC heap before
{Heap before GC invocations=25 (full 2):
 PSYoungGen      total 283136K, used 278024K [0x00000000eaa80000, 0x0000000100000000, 0x0000000100000000)
  eden space 229888K, 100% used [0x00000000eaa80000,0x00000000f8b00000,0x00000000f8b00000)
  from space 53248K, 90% used [0x00000000fcc00000,0x00000000ffb022f0,0x0000000100000000)
  to   space 59904K, 0% used [0x00000000f8b00000,0x00000000f8b00000,0x00000000fc580000)
 ParOldGen       total 71680K, used 46914K [0x00000000c0000000, 0x00000000c4600000, 0x00000000eaa80000)
  object space 71680K, 65% used [0x00000000c0000000,0x00000000c2dd0ab8,0x00000000c4600000)
 PSPermGen       total 88064K, used 82172K [0x00000000a8000000, 0x00000000ad600000, 0x00000000c0000000)
  object space 88064K, 93% used [0x00000000a8000000,0x00000000ad03f108,0x00000000ad600000)
Event: 12,463 GC heap after
Heap after GC invocations=25 (full 2):
 PSYoungGen      total 275456K, used 45547K [0x00000000eaa80000, 0x0000000100000000, 0x0000000100000000)
  eden space 229888K, 0% used [0x00000000eaa80000,0x00000000eaa80000,0x00000000f8b00000)
  from space 45568K, 99% used [0x00000000f8b00000,0x00000000fb77ac30,0x00000000fb780000)
  to   space 64512K, 0% used [0x00000000fc100000,0x00000000fc100000,0x0000000100000000)
 ParOldGen       total 71680K, used 52670K [0x00000000c0000000, 0x00000000c4600000, 0x00000000eaa80000)
  object space 71680K, 73% used [0x00000000c0000000,0x00000000c336f890,0x00000000c4600000)
 PSPermGen       total 88064K, used 82172K [0x00000000a8000000, 0x00000000ad600000, 0x00000000c0000000)
  object space 88064K, 93% used [0x00000000a8000000,0x00000000ad03f108,0x00000000ad600000)
}

