# JRE version: Java(TM) SE Runtime Environment (7.0_80-b15) (build 1.7.0_80-b15)
# Java VM: Java HotSpot(TM) 64-Bit Server VM (24.80-b11 mixed mode linux-amd64 compressed oops)
Heap
 PSYoungGen      total 247296K, used 19570K [0x00000000eaa80000, 0x00000000fc000000, 0x0000000100000000)
  eden space 217600K, 0% used [0x00000000eaa80000,0x00000000eaa80000,0x00000000f7f00000)
  from space 29696K, 65% used [0x00000000f7f00000,0x00000000f921c910,0x00000000f9c00000)
  to   space 29184K, 0% used [0x00000000fa380000,0x00000000fa380000,0x00000000fc000000)
 ParOldGen       total 255488K, used 252432K [0x00000000c0000000, 0x00000000cf980000, 0x00000000eaa80000)
  object space 255488K, 98% used [0x00000000c0000000,0x00000000cf684340,0x00000000cf980000)
 PSPermGen       total 157696K, used 121897K [0x00000000a8000000, 0x00000000b1a00000, 0x00000000c0000000)
  object space 157696K, 77% used [0x00000000a8000000,0x00000000af70a590,0x00000000b1a00000)
GC Heap History (10 events):
Event: 791,640 GC heap after
Heap after GC invocations=140 (full 5):
 PSYoungGen      total 232960K, used 25292K [0x00000000eaa80000, 0x00000000fb680000, 0x0000000100000000)
  eden space 202240K, 0% used [0x00000000eaa80000,0x00000000eaa80000,0x00000000f7000000)
  from space 30720K, 82% used [0x00000000f7000000,0x00000000f88b3368,0x00000000f8e00000)
  to   space 31744K, 0% used [0x00000000f9780000,0x00000000f9780000,0x00000000fb680000)
 ParOldGen       total 255488K, used 245308K [0x00000000c0000000, 0x00000000cf980000, 0x00000000eaa80000)
  object space 255488K, 96% used [0x00000000c0000000,0x00000000cef8f0e8,0x00000000cf980000)
 PSPermGen       total 157696K, used 121878K [0x00000000a8000000, 0x00000000b1a00000, 0x00000000c0000000)
  object space 157696K, 77% used [0x00000000a8000000,0x00000000af705bd0,0x00000000b1a00000)
}
Event: 796,412 GC heap before
{Heap before GC invocations=141 (full 5):
 PSYoungGen      total 232960K, used 227532K [0x00000000eaa80000, 0x00000000fb680000, 0x0000000100000000)
  eden space 202240K, 100% used [0x00000000eaa80000,0x00000000f7000000,0x00000000f7000000)
  from space 30720K, 82% used [0x00000000f7000000,0x00000000f88b3368,0x00000000f8e00000)
  to   space 31744K, 0% used [0x00000000f9780000,0x00000000f9780000,0x00000000fb680000)
 ParOldGen       total 255488K, used 245308K [0x00000000c0000000, 0x00000000cf980000, 0x00000000eaa80000)
  object space 255488K, 96% used [0x00000000c0000000,0x00000000cef8f0e8,0x00000000cf980000)
 PSPermGen       total 157696K, used 121882K [0x00000000a8000000, 0x00000000b1a00000, 0x00000000c0000000)
  object space 157696K, 77% used [0x00000000a8000000,0x00000000af706af8,0x00000000b1a00000)
Event: 796,430 GC heap after
Heap after GC invocations=141 (full 5):
 PSYoungGen      total 238592K, used 17443K [0x00000000eaa80000, 0x00000000fb380000, 0x0000000100000000)
  eden space 209920K, 0% used [0x00000000eaa80000,0x00000000eaa80000,0x00000000f7780000)
  from space 28672K, 60% used [0x00000000f9780000,0x00000000fa888f80,0x00000000fb380000)
  to   space 30720K, 0% used [0x00000000f7780000,0x00000000f7780000,0x00000000f9580000)
 ParOldGen       total 255488K, used 247932K [0x00000000c0000000, 0x00000000cf980000, 0x00000000eaa80000)
  object space 255488K, 97% used [0x00000000c0000000,0x00000000cf21f108,0x00000000cf980000)
 PSPermGen       total 157696K, used 121882K [0x00000000a8000000, 0x00000000b1a00000, 0x00000000c0000000)
  object space 157696K, 77% used [0x00000000a8000000,0x00000000af706af8,0x00000000b1a00000)
}
Event: 797,249 GC heap before
{Heap before GC invocations=142 (full 5):
 PSYoungGen      total 238592K, used 227363K [0x00000000eaa80000, 0x00000000fb380000, 0x0000000100000000)
  eden space 209920K, 100% used [0x00000000eaa80000,0x00000000f7780000,0x00000000f7780000)
  from space 28672K, 60% used [0x00000000f9780000,0x00000000fa888f80,0x00000000fb380000)
  to   space 30720K, 0% used [0x00000000f7780000,0x00000000f7780000,0x00000000f9580000)
 ParOldGen       total 255488K, used 247932K [0x00000000c0000000, 0x00000000cf980000, 0x00000000eaa80000)
  object space 255488K, 97% used [0x00000000c0000000,0x00000000cf21f108,0x00000000cf980000)
 PSPermGen       total 157696K, used 121895K [0x00000000a8000000, 0x00000000b1a00000, 0x00000000c0000000)
  object space 157696K, 77% used [0x00000000a8000000,0x00000000af709cf8,0x00000000b1a00000)
Event: 797,261 GC heap after
Heap after GC invocations=142 (full 5):
 PSYoungGen      total 240640K, used 14406K [0x00000000eaa80000, 0x00000000fbc00000, 0x0000000100000000)
  eden space 209920K, 0% used [0x00000000eaa80000,0x00000000eaa80000,0x00000000f7780000)
  from space 30720K, 46% used [0x00000000f7780000,0x00000000f8591800,0x00000000f9580000)
  to   space 30720K, 0% used [0x00000000f9e00000,0x00000000f9e00000,0x00000000fbc00000)
 ParOldGen       total 255488K, used 248044K [0x00000000c0000000, 0x00000000cf980000, 0x00000000eaa80000)
  object space 255488K, 97% used [0x00000000c0000000,0x00000000cf23b108,0x00000000cf980000)
 PSPermGen       total 157696K, used 121895K [0x00000000a8000000, 0x00000000b1a00000, 0x00000000c0000000)
  object space 157696K, 77% used [0x00000000a8000000,0x00000000af709cf8,0x00000000b1a00000)
}
Event: 802,485 GC heap before
{Heap before GC invocations=143 (full 5):
 PSYoungGen      total 240640K, used 224326K [0x00000000eaa80000, 0x00000000fbc00000, 0x0000000100000000)
  eden space 209920K, 100% used [0x00000000eaa80000,0x00000000f7780000,0x00000000f7780000)
  from space 30720K, 46% used [0x00000000f7780000,0x00000000f8591800,0x00000000f9580000)
  to   space 30720K, 0% used [0x00000000f9e00000,0x00000000f9e00000,0x00000000fbc00000)
 ParOldGen       total 255488K, used 248044K [0x00000000c0000000, 0x00000000cf980000, 0x00000000eaa80000)
  object space 255488K, 97% used [0x00000000c0000000,0x00000000cf23b108,0x00000000cf980000)
 PSPermGen       total 157696K, used 121897K [0x00000000a8000000, 0x00000000b1a00000, 0x00000000c0000000)
  object space 157696K, 77% used [0x00000000a8000000,0x00000000af70a590,0x00000000b1a00000)
Event: 802,496 GC heap after
Heap after GC invocations=143 (full 5):
 PSYoungGen      total 245248K, used 15696K [0x00000000eaa80000, 0x00000000fb900000, 0x0000000100000000)
  eden space 217600K, 0% used [0x00000000eaa80000,0x00000000eaa80000,0x00000000f7f00000)
  from space 27648K, 56% used [0x00000000f9e00000,0x00000000fad54020,0x00000000fb900000)
  to   space 29696K, 0% used [0x00000000f7f00000,0x00000000f7f00000,0x00000000f9c00000)
 ParOldGen       total 255488K, used 248156K [0x00000000c0000000, 0x00000000cf980000, 0x00000000eaa80000)
  object space 255488K, 97% used [0x00000000c0000000,0x00000000cf257108,0x00000000cf980000)
 PSPermGen       total 157696K, used 121897K [0x00000000a8000000, 0x00000000b1a00000, 0x00000000c0000000)
  object space 157696K, 77% used [0x00000000a8000000,0x00000000af70a590,0x00000000b1a00000)
}
Event: 804,376 GC heap before
{Heap before GC invocations=144 (full 5):
 PSYoungGen      total 245248K, used 233296K [0x00000000eaa80000, 0x00000000fb900000, 0x0000000100000000)
  eden space 217600K, 100% used [0x00000000eaa80000,0x00000000f7f00000,0x00000000f7f00000)
  from space 27648K, 56% used [0x00000000f9e00000,0x00000000fad54020,0x00000000fb900000)
  to   space 29696K, 0% used [0x00000000f7f00000,0x00000000f7f00000,0x00000000f9c00000)
 ParOldGen       total 255488K, used 248156K [0x00000000c0000000, 0x00000000cf980000, 0x00000000eaa80000)
  object space 255488K, 97% used [0x00000000c0000000,0x00000000cf257108,0x00000000cf980000)
 PSPermGen       total 157696K, used 121897K [0x00000000a8000000, 0x00000000b1a00000, 0x00000000c0000000)
  object space 157696K, 77% used [0x00000000a8000000,0x00000000af70a590,0x00000000b1a00000)
Event: 804,393 GC heap after
Heap after GC invocations=144 (full 5):
 PSYoungGen      total 247296K, used 19570K [0x00000000eaa80000, 0x00000000fc000000, 0x0000000100000000)
  eden space 217600K, 0% used [0x00000000eaa80000,0x00000000eaa80000,0x00000000f7f00000)
  from space 29696K, 65% used [0x00000000f7f00000,0x00000000f921c910,0x00000000f9c00000)
  to   space 29184K, 0% used [0x00000000fa380000,0x00000000fa380000,0x00000000fc000000)
 ParOldGen       total 255488K, used 252432K [0x00000000c0000000, 0x00000000cf980000, 0x00000000eaa80000)
  object space 255488K, 98% used [0x00000000c0000000,0x00000000cf684340,0x00000000cf980000)
 PSPermGen       total 157696K, used 121897K [0x00000000a8000000, 0x00000000b1a00000, 0x00000000c0000000)
  object space 157696K, 77% used [0x00000000a8000000,0x00000000af70a590,0x00000000b1a00000)
}
Event: 804,393 GC heap before
{Heap before GC invocations=145 (full 6):
 PSYoungGen      total 247296K, used 19570K [0x00000000eaa80000, 0x00000000fc000000, 0x0000000100000000)
  eden space 217600K, 0% used [0x00000000eaa80000,0x00000000eaa80000,0x00000000f7f00000)
  from space 29696K, 65% used [0x00000000f7f00000,0x00000000f921c910,0x00000000f9c00000)
  to   space 29184K, 0% used [0x00000000fa380000,0x00000000fa380000,0x00000000fc000000)
 ParOldGen       total 255488K, used 252432K [0x00000000c0000000, 0x00000000cf980000, 0x00000000eaa80000)
  object space 255488K, 98% used [0x00000000c0000000,0x00000000cf684340,0x00000000cf980000)
 PSPermGen       total 157696K, used 121897K [0x00000000a8000000, 0x00000000b1a00000, 0x00000000c0000000)
  object space 157696K, 77% used [0x00000000a8000000,0x00000000af70a590,0x00000000b1a00000)

