# JRE version: Java(TM) SE Runtime Environment (7.0_80-b15) (build 1.7.0_80-b15)
# Java VM: Java HotSpot(TM) 64-Bit Server VM (24.80-b11 mixed mode linux-amd64 compressed oops)
Heap
 PSYoungGen      total 282112K, used 99407K [0x00000000eaa80000, 0x00000000ffc80000, 0x0000000100000000)
  eden space 220160K, 35% used [0x00000000eaa80000,0x00000000ef620278,0x00000000f8180000)
  from space 61952K, 35% used [0x00000000f8180000,0x00000000f96f3a18,0x00000000fbe00000)
  to   space 58368K, 0% used [0x00000000fc380000,0x00000000fc380000,0x00000000ffc80000)
 ParOldGen       total 164864K, used 142248K [0x00000000c0000000, 0x00000000ca100000, 0x00000000eaa80000)
  object space 164864K, 86% used [0x00000000c0000000,0x00000000c8aea198,0x00000000ca100000)
 PSPermGen       total 123392K, used 101952K [0x00000000a8000000, 0x00000000af880000, 0x00000000c0000000)
  object space 123392K, 82% used [0x00000000a8000000,0x00000000ae390200,0x00000000af880000)
GC Heap History (10 events):
Event: 14,665 GC heap before
{Heap before GC invocations=29 (full 4):
 PSYoungGen      total 257536K, used 244245K [0x00000000eaa80000, 0x0000000100000000, 0x0000000100000000)
  eden space 211456K, 100% used [0x00000000eaa80000,0x00000000f7900000,0x00000000f7900000)
  from space 46080K, 71% used [0x00000000fd300000,0x00000000ff305578,0x0000000100000000)
  to   space 69120K, 0% used [0x00000000f7900000,0x00000000f7900000,0x00000000fbc80000)
 ParOldGen       total 164864K, used 113112K [0x00000000c0000000, 0x00000000ca100000, 0x00000000eaa80000)
  object space 164864K, 68% used [0x00000000c0000000,0x00000000c6e760f0,0x00000000ca100000)
 PSPermGen       total 123392K, used 90470K [0x00000000a8000000, 0x00000000af880000, 0x00000000c0000000)
  object space 123392K, 73% used [0x00000000a8000000,0x00000000ad859870,0x00000000af880000)
Event: 14,692 GC heap after
Heap after GC invocations=29 (full 4):
 PSYoungGen      total 280576K, used 27784K [0x00000000eaa80000, 0x0000000100000000, 0x0000000100000000)
  eden space 211456K, 0% used [0x00000000eaa80000,0x00000000eaa80000,0x00000000f7900000)
  from space 69120K, 40% used [0x00000000f7900000,0x00000000f94223c0,0x00000000fbc80000)
  to   space 65024K, 0% used [0x00000000fc080000,0x00000000fc080000,0x0000000100000000)
 ParOldGen       total 164864K, used 113200K [0x00000000c0000000, 0x00000000ca100000, 0x00000000eaa80000)
  object space 164864K, 68% used [0x00000000c0000000,0x00000000c6e8c0f0,0x00000000ca100000)
 PSPermGen       total 123392K, used 90470K [0x00000000a8000000, 0x00000000af880000, 0x00000000c0000000)
  object space 123392K, 73% used [0x00000000a8000000,0x00000000ad859870,0x00000000af880000)
}
Event: 15,690 GC heap before
{Heap before GC invocations=30 (full 4):
 PSYoungGen      total 280576K, used 239240K [0x00000000eaa80000, 0x0000000100000000, 0x0000000100000000)
  eden space 211456K, 100% used [0x00000000eaa80000,0x00000000f7900000,0x00000000f7900000)
  from space 69120K, 40% used [0x00000000f7900000,0x00000000f94223c0,0x00000000fbc80000)
  to   space 65024K, 0% used [0x00000000fc080000,0x00000000fc080000,0x0000000100000000)
 ParOldGen       total 164864K, used 113200K [0x00000000c0000000, 0x00000000ca100000, 0x00000000eaa80000)
  object space 164864K, 68% used [0x00000000c0000000,0x00000000c6e8c0f0,0x00000000ca100000)
 PSPermGen       total 123392K, used 92606K [0x00000000a8000000, 0x00000000af880000, 0x00000000c0000000)
  object space 123392K, 75% used [0x00000000a8000000,0x00000000ada6fb68,0x00000000af880000)
Event: 15,716 GC heap after
Heap after GC invocations=30 (full 4):
 PSYoungGen      total 277504K, used 4576K [0x00000000eaa80000, 0x00000000ffd00000, 0x0000000100000000)
  eden space 215552K, 0% used [0x00000000eaa80000,0x00000000eaa80000,0x00000000f7d00000)
  from space 61952K, 7% used [0x00000000fc080000,0x00000000fc4f8000,0x00000000ffd00000)
  to   space 65536K, 0% used [0x00000000f7d00000,0x00000000f7d00000,0x00000000fbd00000)
 ParOldGen       total 164864K, used 133510K [0x00000000c0000000, 0x00000000ca100000, 0x00000000eaa80000)
  object space 164864K, 80% used [0x00000000c0000000,0x00000000c8261a20,0x00000000ca100000)
 PSPermGen       total 123392K, used 92606K [0x00000000a8000000, 0x00000000af880000, 0x00000000c0000000)
  object space 123392K, 75% used [0x00000000a8000000,0x00000000ada6fb68,0x00000000af880000)
}
Event: 17,939 GC heap before
{Heap before GC invocations=31 (full 4):
 PSYoungGen      total 277504K, used 220128K [0x00000000eaa80000, 0x00000000ffd00000, 0x0000000100000000)
  eden space 215552K, 100% used [0x00000000eaa80000,0x00000000f7d00000,0x00000000f7d00000)
  from space 61952K, 7% used [0x00000000fc080000,0x00000000fc4f8000,0x00000000ffd00000)
  to   space 65536K, 0% used [0x00000000f7d00000,0x00000000f7d00000,0x00000000fbd00000)
 ParOldGen       total 164864K, used 133510K [0x00000000c0000000, 0x00000000ca100000, 0x00000000eaa80000)
  object space 164864K, 80% used [0x00000000c0000000,0x00000000c8261a20,0x00000000ca100000)
 PSPermGen       total 123392K, used 96350K [0x00000000a8000000, 0x00000000af880000, 0x00000000c0000000)
  object space 123392K, 78% used [0x00000000a8000000,0x00000000ade17828,0x00000000af880000)
Event: 17,950 GC heap after
Heap after GC invocations=31 (full 4):
 PSYoungGen      total 281088K, used 9558K [0x00000000eaa80000, 0x0000000100000000, 0x0000000100000000)
  eden space 215552K, 0% used [0x00000000eaa80000,0x00000000eaa80000,0x00000000f7d00000)
  from space 65536K, 14% used [0x00000000f7d00000,0x00000000f86558f8,0x00000000fbd00000)
  to   space 64000K, 0% used [0x00000000fc180000,0x00000000fc180000,0x0000000100000000)
 ParOldGen       total 164864K, used 136688K [0x00000000c0000000, 0x00000000ca100000, 0x00000000eaa80000)
  object space 164864K, 82% used [0x00000000c0000000,0x00000000c857c360,0x00000000ca100000)
 PSPermGen       total 123392K, used 96350K [0x00000000a8000000, 0x00000000af880000, 0x00000000c0000000)
  object space 123392K, 78% used [0x00000000a8000000,0x00000000ade17828,0x00000000af880000)
}
Event: 18,715 GC heap before
{Heap before GC invocations=32 (full 4):
 PSYoungGen      total 281088K, used 225110K [0x00000000eaa80000, 0x0000000100000000, 0x0000000100000000)
  eden space 215552K, 100% used [0x00000000eaa80000,0x00000000f7d00000,0x00000000f7d00000)
  from space 65536K, 14% used [0x00000000f7d00000,0x00000000f86558f8,0x00000000fbd00000)
  to   space 64000K, 0% used [0x00000000fc180000,0x00000000fc180000,0x0000000100000000)
 ParOldGen       total 164864K, used 136688K [0x00000000c0000000, 0x00000000ca100000, 0x00000000eaa80000)
  object space 164864K, 82% used [0x00000000c0000000,0x00000000c857c360,0x00000000ca100000)
 PSPermGen       total 123392K, used 98870K [0x00000000a8000000, 0x00000000af880000, 0x00000000c0000000)
  object space 123392K, 80% used [0x00000000a8000000,0x00000000ae08d9c8,0x00000000af880000)
Event: 18,732 GC heap after
Heap after GC invocations=32 (full 4):
 PSYoungGen      total 278528K, used 11377K [0x00000000eaa80000, 0x00000000ffa80000, 0x0000000100000000)
  eden space 220160K, 0% used [0x00000000eaa80000,0x00000000eaa80000,0x00000000f8180000)
  from space 58368K, 19% used [0x00000000fc180000,0x00000000fcc9c5b8,0x00000000ffa80000)
  to   space 61952K, 0% used [0x00000000f8180000,0x00000000f8180000,0x00000000fbe00000)
 ParOldGen       total 164864K, used 142248K [0x00000000c0000000, 0x00000000ca100000, 0x00000000eaa80000)
  object space 164864K, 86% used [0x00000000c0000000,0x00000000c8aea198,0x00000000ca100000)
 PSPermGen       total 123392K, used 98870K [0x00000000a8000000, 0x00000000af880000, 0x00000000c0000000)
  object space 123392K, 80% used [0x00000000a8000000,0x00000000ae08d9c8,0x00000000af880000)
}
Event: 19,587 GC heap before
{Heap before GC invocations=33 (full 4):
 PSYoungGen      total 278528K, used 231537K [0x00000000eaa80000, 0x00000000ffa80000, 0x0000000100000000)
  eden space 220160K, 100% used [0x00000000eaa80000,0x00000000f8180000,0x00000000f8180000)
  from space 58368K, 19% used [0x00000000fc180000,0x00000000fcc9c5b8,0x00000000ffa80000)
  to   space 61952K, 0% used [0x00000000f8180000,0x00000000f8180000,0x00000000fbe00000)
 ParOldGen       total 164864K, used 142248K [0x00000000c0000000, 0x00000000ca100000, 0x00000000eaa80000)
  object space 164864K, 86% used [0x00000000c0000000,0x00000000c8aea198,0x00000000ca100000)
 PSPermGen       total 123392K, used 100705K [0x00000000a8000000, 0x00000000af880000, 0x00000000c0000000)
  object space 123392K, 81% used [0x00000000a8000000,0x00000000ae258530,0x00000000af880000)
Event: 19,603 GC heap after
Heap after GC invocations=33 (full 4):
 PSYoungGen      total 282112K, used 21966K [0x00000000eaa80000, 0x00000000ffc80000, 0x0000000100000000)
  eden space 220160K, 0% used [0x00000000eaa80000,0x00000000eaa80000,0x00000000f8180000)
  from space 61952K, 35% used [0x00000000f8180000,0x00000000f96f3a18,0x00000000fbe00000)
  to   space 58368K, 0% used [0x00000000fc380000,0x00000000fc380000,0x00000000ffc80000)
 ParOldGen       total 164864K, used 142248K [0x00000000c0000000, 0x00000000ca100000, 0x00000000eaa80000)
  object space 164864K, 86% used [0x00000000c0000000,0x00000000c8aea198,0x00000000ca100000)
 PSPermGen       total 123392K, used 100705K [0x00000000a8000000, 0x00000000af880000, 0x00000000c0000000)
  object space 123392K, 81% used [0x00000000a8000000,0x00000000ae258530,0x00000000af880000)
}

