# JRE version: Java(TM) SE Runtime Environment (8.0_25-b17) (build 1.8.0_25-b17)
# Java VM: Java HotSpot(TM) 64-Bit Server VM (25.25-b02 mixed mode linux-amd64 compressed oops)
Heap:
 PSYoungGen      total 393216K, used 140369K [0x0000000719100000, 0x000000073a200000, 0x00000007c0000000)
  eden space 372224K, 32% used [0x0000000719100000,0x000000072061ed98,0x000000072fc80000)
  from space 20992K, 97% used [0x000000072fc80000,0x0000000731075750,0x0000000731100000)
  to   space 34304K, 0% used [0x0000000738080000,0x0000000738080000,0x000000073a200000)
 ParOldGen       total 203776K, used 26258K [0x00000005cb200000, 0x00000005d7900000, 0x0000000719100000)
  object space 203776K, 12% used [0x00000005cb200000,0x00000005ccba4870,0x00000005d7900000)
 Metaspace       used 24730K, capacity 25236K, committed 25472K, reserved 1071104K
  class space    used 2789K, capacity 2906K, committed 2944K, reserved 1048576K
GC Heap History (10 events):
Event: 3,364 GC heap before
{Heap before GC invocations=2 (full 0):
 PSYoungGen      total 150016K, used 54797K [0x0000000719100000, 0x000000072b600000, 0x00000007c0000000)
  eden space 129024K, 28% used [0x0000000719100000,0x000000071b487c10,0x0000000720f00000)
  from space 20992K, 87% used [0x0000000720f00000,0x00000007220fb8f0,0x0000000722380000)
  to   space 20992K, 0% used [0x000000072a180000,0x000000072a180000,0x000000072b600000)
 ParOldGen       total 343040K, used 88K [0x00000005cb200000, 0x00000005e0100000, 0x0000000719100000)
  object space 343040K, 0% used [0x00000005cb200000,0x00000005cb216010,0x00000005e0100000)
 Metaspace       used 20912K, capacity 21162K, committed 21248K, reserved 1069056K
  class space    used 2434K, capacity 2503K, committed 2560K, reserved 1048576K
Event: 3,390 GC heap after
Heap after GC invocations=2 (full 0):
 PSYoungGen      total 279040K, used 10173K [0x0000000719100000, 0x000000072b600000, 0x00000007c0000000)
  eden space 258048K, 0% used [0x0000000719100000,0x0000000719100000,0x0000000728d00000)
  from space 20992K, 48% used [0x000000072a180000,0x000000072ab6f718,0x000000072b600000)
  to   space 20992K, 0% used [0x0000000728d00000,0x0000000728d00000,0x000000072a180000)
 ParOldGen       total 343040K, used 104K [0x00000005cb200000, 0x00000005e0100000, 0x0000000719100000)
  object space 343040K, 0% used [0x00000005cb200000,0x00000005cb21a028,0x00000005e0100000)
 Metaspace       used 20912K, capacity 21162K, committed 21248K, reserved 1069056K
  class space    used 2434K, capacity 2503K, committed 2560K, reserved 1048576K
}
Event: 3,391 GC heap before
{Heap before GC invocations=3 (full 1):
 PSYoungGen      total 279040K, used 10173K [0x0000000719100000, 0x000000072b600000, 0x00000007c0000000)
  eden space 258048K, 0% used [0x0000000719100000,0x0000000719100000,0x0000000728d00000)
  from space 20992K, 48% used [0x000000072a180000,0x000000072ab6f718,0x000000072b600000)
  to   space 20992K, 0% used [0x0000000728d00000,0x0000000728d00000,0x000000072a180000)
 ParOldGen       total 343040K, used 104K [0x00000005cb200000, 0x00000005e0100000, 0x0000000719100000)
  object space 343040K, 0% used [0x00000005cb200000,0x00000005cb21a028,0x00000005e0100000)
 Metaspace       used 20912K, capacity 21162K, committed 21248K, reserved 1069056K
  class space    used 2434K, capacity 2503K, committed 2560K, reserved 1048576K
Event: 3,488 GC heap after
Heap after GC invocations=3 (full 1):
 PSYoungGen      total 279040K, used 0K [0x0000000719100000, 0x000000072b600000, 0x00000007c0000000)
  eden space 258048K, 0% used [0x0000000719100000,0x0000000719100000,0x0000000728d00000)
  from space 20992K, 0% used [0x000000072a180000,0x000000072a180000,0x000000072b600000)
  to   space 20992K, 0% used [0x0000000728d00000,0x0000000728d00000,0x000000072a180000)
 ParOldGen       total 203776K, used 10040K [0x00000005cb200000, 0x00000005d7900000, 0x0000000719100000)
  object space 203776K, 4% used [0x00000005cb200000,0x00000005cbbce1d0,0x00000005d7900000)
 Metaspace       used 20779K, capacity 20950K, committed 21248K, reserved 1069056K
  class space    used 2414K, capacity 2467K, committed 2560K, reserved 1048576K
}
Event: 10,221 GC heap before
{Heap before GC invocations=4 (full 1):
 PSYoungGen      total 279040K, used 257901K [0x0000000719100000, 0x000000072b600000, 0x00000007c0000000)
  eden space 258048K, 99% used [0x0000000719100000,0x0000000728cdb630,0x0000000728d00000)
  from space 20992K, 0% used [0x000000072a180000,0x000000072a180000,0x000000072b600000)
  to   space 20992K, 0% used [0x0000000728d00000,0x0000000728d00000,0x000000072a180000)
 ParOldGen       total 203776K, used 10040K [0x00000005cb200000, 0x00000005d7900000, 0x0000000719100000)
  object space 203776K, 4% used [0x00000005cb200000,0x00000005cbbce1d0,0x00000005d7900000)
 Metaspace       used 24397K, capacity 24866K, committed 24960K, reserved 1071104K
  class space    used 2773K, capacity 2891K, committed 2944K, reserved 1048576K
Event: 10,289 GC heap after
Heap after GC invocations=4 (full 1):
 PSYoungGen      total 279040K, used 20978K [0x0000000719100000, 0x0000000732600000, 0x00000007c0000000)
  eden space 258048K, 0% used [0x0000000719100000,0x0000000719100000,0x0000000728d00000)
  from space 20992K, 99% used [0x0000000728d00000,0x000000072a17ca30,0x000000072a180000)
  to   space 20992K, 0% used [0x0000000731180000,0x0000000731180000,0x0000000732600000)
 ParOldGen       total 203776K, used 26242K [0x00000005cb200000, 0x00000005d7900000, 0x0000000719100000)
  object space 203776K, 12% used [0x00000005cb200000,0x00000005ccba0870,0x00000005d7900000)
 Metaspace       used 24397K, capacity 24866K, committed 24960K, reserved 1071104K
  class space    used 2773K, capacity 2891K, committed 2944K, reserved 1048576K
}
Event: 15,430 GC heap before
{Heap before GC invocations=5 (full 1):
 PSYoungGen      total 279040K, used 279026K [0x0000000719100000, 0x0000000732600000, 0x00000007c0000000)
  eden space 258048K, 100% used [0x0000000719100000,0x0000000728d00000,0x0000000728d00000)
  from space 20992K, 99% used [0x0000000728d00000,0x000000072a17ca30,0x000000072a180000)
  to   space 20992K, 0% used [0x0000000731180000,0x0000000731180000,0x0000000732600000)
 ParOldGen       total 203776K, used 26242K [0x00000005cb200000, 0x00000005d7900000, 0x0000000719100000)
  object space 203776K, 12% used [0x00000005cb200000,0x00000005ccba0870,0x00000005d7900000)
 Metaspace       used 24532K, capacity 25056K, committed 25216K, reserved 1071104K
  class space    used 2785K, capacity 2904K, committed 2944K, reserved 1048576K
Event: 15,449 GC heap after
Heap after GC invocations=5 (full 1):
 PSYoungGen      total 378368K, used 20453K [0x0000000719100000, 0x0000000732580000, 0x00000007c0000000)
  eden space 357888K, 0% used [0x0000000719100000,0x0000000719100000,0x000000072ee80000)
  from space 20480K, 99% used [0x0000000731180000,0x0000000732579760,0x0000000732580000)
  to   space 20992K, 0% used [0x000000072fc80000,0x000000072fc80000,0x0000000731100000)
 ParOldGen       total 203776K, used 26250K [0x00000005cb200000, 0x00000005d7900000, 0x0000000719100000)
  object space 203776K, 12% used [0x00000005cb200000,0x00000005ccba2870,0x00000005d7900000)
 Metaspace       used 24532K, capacity 25056K, committed 25216K, reserved 1071104K
  class space    used 2785K, capacity 2904K, committed 2944K, reserved 1048576K
}
Event: 148,829 GC heap before
{Heap before GC invocations=6 (full 1):
 PSYoungGen      total 378368K, used 378341K [0x0000000719100000, 0x0000000732580000, 0x00000007c0000000)
  eden space 357888K, 100% used [0x0000000719100000,0x000000072ee80000,0x000000072ee80000)
  from space 20480K, 99% used [0x0000000731180000,0x0000000732579760,0x0000000732580000)
  to   space 20992K, 0% used [0x000000072fc80000,0x000000072fc80000,0x0000000731100000)
 ParOldGen       total 203776K, used 26250K [0x00000005cb200000, 0x00000005d7900000, 0x0000000719100000)
  object space 203776K, 12% used [0x00000005cb200000,0x00000005ccba2870,0x00000005d7900000)
 Metaspace       used 24608K, capacity 25162K, committed 25216K, reserved 1071104K
  class space    used 2785K, capacity 2905K, committed 2944K, reserved 1048576K
Event: 148,846 GC heap after
Heap after GC invocations=6 (full 1):
 PSYoungGen      total 393216K, used 20437K [0x0000000719100000, 0x000000073a200000, 0x00000007c0000000)
  eden space 372224K, 0% used [0x0000000719100000,0x0000000719100000,0x000000072fc80000)
  from space 20992K, 97% used [0x000000072fc80000,0x0000000731075750,0x0000000731100000)
  to   space 34304K, 0% used [0x0000000738080000,0x0000000738080000,0x000000073a200000)
 ParOldGen       total 203776K, used 26258K [0x00000005cb200000, 0x00000005d7900000, 0x0000000719100000)
  object space 203776K, 12% used [0x00000005cb200000,0x00000005ccba4870,0x00000005d7900000)
 Metaspace       used 24608K, capacity 25162K, committed 25216K, reserved 1071104K
  class space    used 2785K, capacity 2905K, committed 2944K, reserved 1048576K
}

