# JRE version: Java(TM) SE Runtime Environment (8.0_20-b26) (build 1.8.0_20-b26)
# Java VM: Java HotSpot(TM) 64-Bit Server VM (25.20-b23 mixed mode linux-amd64 compressed oops)
Heap:
 PSYoungGen      total 40448K, used 8855K [0x000000076d100000, 0x000000078b500000, 0x00000007c0000000)
  eden space 39936K, 21% used [0x000000076d100000,0x000000076d971f10,0x000000076f800000)
  from space 512K, 40% used [0x000000078b480000,0x000000078b4b4010,0x000000078b500000)
  to   space 512K, 0% used [0x000000078b400000,0x000000078b400000,0x000000078b480000)
 ParOldGen       total 176640K, used 49746K [0x00000006c7200000, 0x00000006d1e80000, 0x000000076d100000)
  object space 176640K, 28% used [0x00000006c7200000,0x00000006ca294b70,0x00000006d1e80000)
 Metaspace       used 23501K, capacity 23930K, committed 23984K, reserved 1071104K
  class space    used 2609K, capacity 2709K, committed 2736K, reserved 1048576K
GC Heap History (10 events):
Event: 79483,896 GC heap before
{Heap before GC invocations=146 (full 2):
 PSYoungGen      total 43008K, used 42688K [0x000000076d100000, 0x000000078b500000, 0x00000007c0000000)
  eden space 42496K, 100% used [0x000000076d100000,0x000000076fa80000,0x000000076fa80000)
  from space 512K, 37% used [0x000000078b400000,0x000000078b430000,0x000000078b480000)
  to   space 512K, 0% used [0x000000078b480000,0x000000078b480000,0x000000078b500000)
 ParOldGen       total 176640K, used 49674K [0x00000006c7200000, 0x00000006d1e80000, 0x000000076d100000)
  object space 176640K, 28% used [0x00000006c7200000,0x00000006ca282b70,0x00000006d1e80000)
 Metaspace       used 23485K, capacity 23834K, committed 23984K, reserved 1071104K
  class space    used 2609K, capacity 2677K, committed 2736K, reserved 1048576K
Event: 79483,898 GC heap after
Heap after GC invocations=146 (full 2):
 PSYoungGen      total 42496K, used 160K [0x000000076d100000, 0x000000078b500000, 0x00000007c0000000)
  eden space 41984K, 0% used [0x000000076d100000,0x000000076d100000,0x000000076fa00000)
  from space 512K, 31% used [0x000000078b480000,0x000000078b4a8000,0x000000078b500000)
  to   space 512K, 0% used [0x000000078b400000,0x000000078b400000,0x000000078b480000)
 ParOldGen       total 176640K, used 49682K [0x00000006c7200000, 0x00000006d1e80000, 0x000000076d100000)
  object space 176640K, 28% used [0x00000006c7200000,0x00000006ca284b70,0x00000006d1e80000)
 Metaspace       used 23485K, capacity 23834K, committed 23984K, reserved 1071104K
  class space    used 2609K, capacity 2677K, committed 2736K, reserved 1048576K
}
Event: 79521,456 GC heap before
{Heap before GC invocations=147 (full 2):
 PSYoungGen      total 42496K, used 42144K [0x000000076d100000, 0x000000078b500000, 0x00000007c0000000)
  eden space 41984K, 100% used [0x000000076d100000,0x000000076fa00000,0x000000076fa00000)
  from space 512K, 31% used [0x000000078b480000,0x000000078b4a8000,0x000000078b500000)
  to   space 512K, 0% used [0x000000078b400000,0x000000078b400000,0x000000078b480000)
 ParOldGen       total 176640K, used 49682K [0x00000006c7200000, 0x00000006d1e80000, 0x000000076d100000)
  object space 176640K, 28% used [0x00000006c7200000,0x00000006ca284b70,0x00000006d1e80000)
 Metaspace       used 23485K, capacity 23834K, committed 23984K, reserved 1071104K
  class space    used 2609K, capacity 2677K, committed 2736K, reserved 1048576K
Event: 79521,458 GC heap after
Heap after GC invocations=147 (full 2):
 PSYoungGen      total 41984K, used 192K [0x000000076d100000, 0x000000078b500000, 0x00000007c0000000)
  eden space 41472K, 0% used [0x000000076d100000,0x000000076d100000,0x000000076f980000)
  from space 512K, 37% used [0x000000078b400000,0x000000078b430000,0x000000078b480000)
  to   space 512K, 0% used [0x000000078b480000,0x000000078b480000,0x000000078b500000)
 ParOldGen       total 176640K, used 49690K [0x00000006c7200000, 0x00000006d1e80000, 0x000000076d100000)
  object space 176640K, 28% used [0x00000006c7200000,0x00000006ca286b70,0x00000006d1e80000)
 Metaspace       used 23485K, capacity 23834K, committed 23984K, reserved 1071104K
  class space    used 2609K, capacity 2677K, committed 2736K, reserved 1048576K
}
Event: 79549,520 GC heap before
{Heap before GC invocations=148 (full 2):
 PSYoungGen      total 41984K, used 41664K [0x000000076d100000, 0x000000078b500000, 0x00000007c0000000)
  eden space 41472K, 100% used [0x000000076d100000,0x000000076f980000,0x000000076f980000)
  from space 512K, 37% used [0x000000078b400000,0x000000078b430000,0x000000078b480000)
  to   space 512K, 0% used [0x000000078b480000,0x000000078b480000,0x000000078b500000)
 ParOldGen       total 176640K, used 49690K [0x00000006c7200000, 0x00000006d1e80000, 0x000000076d100000)
  object space 176640K, 28% used [0x00000006c7200000,0x00000006ca286b70,0x00000006d1e80000)
 Metaspace       used 23485K, capacity 23834K, committed 23984K, reserved 1071104K
  class space    used 2609K, capacity 2677K, committed 2736K, reserved 1048576K
Event: 79549,522 GC heap after
Heap after GC invocations=148 (full 2):
 PSYoungGen      total 41472K, used 176K [0x000000076d100000, 0x000000078b500000, 0x00000007c0000000)
  eden space 40960K, 0% used [0x000000076d100000,0x000000076d100000,0x000000076f900000)
  from space 512K, 34% used [0x000000078b480000,0x000000078b4ac010,0x000000078b500000)
  to   space 512K, 0% used [0x000000078b400000,0x000000078b400000,0x000000078b480000)
 ParOldGen       total 176640K, used 49714K [0x00000006c7200000, 0x00000006d1e80000, 0x000000076d100000)
  object space 176640K, 28% used [0x00000006c7200000,0x00000006ca28cb70,0x00000006d1e80000)
 Metaspace       used 23485K, capacity 23834K, committed 23984K, reserved 1071104K
  class space    used 2609K, capacity 2677K, committed 2736K, reserved 1048576K
}
Event: 79578,218 GC heap before
{Heap before GC invocations=149 (full 2):
 PSYoungGen      total 41472K, used 41136K [0x000000076d100000, 0x000000078b500000, 0x00000007c0000000)
  eden space 40960K, 100% used [0x000000076d100000,0x000000076f900000,0x000000076f900000)
  from space 512K, 34% used [0x000000078b480000,0x000000078b4ac010,0x000000078b500000)
  to   space 512K, 0% used [0x000000078b400000,0x000000078b400000,0x000000078b480000)
 ParOldGen       total 176640K, used 49714K [0x00000006c7200000, 0x00000006d1e80000, 0x000000076d100000)
  object space 176640K, 28% used [0x00000006c7200000,0x00000006ca28cb70,0x00000006d1e80000)
 Metaspace       used 23485K, capacity 23834K, committed 23984K, reserved 1071104K
  class space    used 2609K, capacity 2677K, committed 2736K, reserved 1048576K
Event: 79578,220 GC heap after
Heap after GC invocations=149 (full 2):
 PSYoungGen      total 40960K, used 128K [0x000000076d100000, 0x000000078b500000, 0x00000007c0000000)
  eden space 40448K, 0% used [0x000000076d100000,0x000000076d100000,0x000000076f880000)
  from space 512K, 25% used [0x000000078b400000,0x000000078b420000,0x000000078b480000)
  to   space 512K, 0% used [0x000000078b480000,0x000000078b480000,0x000000078b500000)
 ParOldGen       total 176640K, used 49730K [0x00000006c7200000, 0x00000006d1e80000, 0x000000076d100000)
  object space 176640K, 28% used [0x00000006c7200000,0x00000006ca290b70,0x00000006d1e80000)
 Metaspace       used 23485K, capacity 23834K, committed 23984K, reserved 1071104K
  class space    used 2609K, capacity 2677K, committed 2736K, reserved 1048576K
}
Event: 79698,228 GC heap before
{Heap before GC invocations=150 (full 2):
 PSYoungGen      total 40960K, used 40576K [0x000000076d100000, 0x000000078b500000, 0x00000007c0000000)
  eden space 40448K, 100% used [0x000000076d100000,0x000000076f880000,0x000000076f880000)
  from space 512K, 25% used [0x000000078b400000,0x000000078b420000,0x000000078b480000)
  to   space 512K, 0% used [0x000000078b480000,0x000000078b480000,0x000000078b500000)
 ParOldGen       total 176640K, used 49730K [0x00000006c7200000, 0x00000006d1e80000, 0x000000076d100000)
  object space 176640K, 28% used [0x00000006c7200000,0x00000006ca290b70,0x00000006d1e80000)
 Metaspace       used 23486K, capacity 23834K, committed 23984K, reserved 1071104K
  class space    used 2609K, capacity 2677K, committed 2736K, reserved 1048576K
Event: 79698,229 GC heap after
Heap after GC invocations=150 (full 2):
 PSYoungGen      total 40448K, used 208K [0x000000076d100000, 0x000000078b500000, 0x00000007c0000000)
  eden space 39936K, 0% used [0x000000076d100000,0x000000076d100000,0x000000076f800000)
  from space 512K, 40% used [0x000000078b480000,0x000000078b4b4010,0x000000078b500000)
  to   space 512K, 0% used [0x000000078b400000,0x000000078b400000,0x000000078b480000)
 ParOldGen       total 176640K, used 49746K [0x00000006c7200000, 0x00000006d1e80000, 0x000000076d100000)
  object space 176640K, 28% used [0x00000006c7200000,0x00000006ca294b70,0x00000006d1e80000)
 Metaspace       used 23486K, capacity 23834K, committed 23984K, reserved 1071104K
  class space    used 2609K, capacity 2677K, committed 2736K, reserved 1048576K
}

