# JRE version: Java(TM) SE Runtime Environment (8.0_25-b17) (build 1.8.0_25-b17)
# Java VM: Java HotSpot(TM) 64-Bit Server VM (25.25-b02 mixed mode linux-amd64 compressed oops)
Heap:
 PSYoungGen      total 433664K, used 190321K [0x0000000719100000, 0x0000000737f80000, 0x00000007c0000000)
  eden space 407552K, 41% used [0x0000000719100000,0x00000007237aba18,0x0000000731f00000)
  from space 26112K, 75% used [0x0000000731f00000,0x0000000733230a30,0x0000000733880000)
  to   space 25600K, 0% used [0x0000000736680000,0x0000000736680000,0x0000000737f80000)
 ParOldGen       total 212992K, used 23719K [0x00000005cb200000, 0x00000005d8200000, 0x0000000719100000)
  object space 212992K, 11% used [0x00000005cb200000,0x00000005cc929ea0,0x00000005d8200000)
 Metaspace       used 25072K, capacity 25662K, committed 25728K, reserved 1073152K
  class space    used 2791K, capacity 2913K, committed 2944K, reserved 1048576K
GC Heap History (10 events):
Event: 39,271 GC heap before
{Heap before GC invocations=10 (full 1):
 PSYoungGen      total 326144K, used 319218K [0x0000000719100000, 0x000000072ed80000, 0x00000007c0000000)
  eden space 299520K, 100% used [0x0000000719100000,0x000000072b580000,0x000000072b580000)
  from space 26624K, 73% used [0x000000072d380000,0x000000072e6bca40,0x000000072ed80000)
  to   space 28672K, 0% used [0x000000072b580000,0x000000072b580000,0x000000072d180000)
 ParOldGen       total 212992K, used 23687K [0x00000005cb200000, 0x00000005d8200000, 0x0000000719100000)
  object space 212992K, 11% used [0x00000005cb200000,0x00000005cc921ea0,0x00000005d8200000)
 Metaspace       used 24825K, capacity 25434K, committed 25472K, reserved 1071104K
  class space    used 2786K, capacity 2907K, committed 2944K, reserved 1048576K
Event: 39,289 GC heap after
Heap after GC invocations=10 (full 1):
 PSYoungGen      total 328192K, used 19634K [0x0000000719100000, 0x0000000732300000, 0x00000007c0000000)
  eden space 299520K, 0% used [0x0000000719100000,0x0000000719100000,0x000000072b580000)
  from space 28672K, 68% used [0x000000072b580000,0x000000072c8aca20,0x000000072d180000)
  to   space 27648K, 0% used [0x0000000730800000,0x0000000730800000,0x0000000732300000)
 ParOldGen       total 212992K, used 23695K [0x00000005cb200000, 0x00000005d8200000, 0x0000000719100000)
  object space 212992K, 11% used [0x00000005cb200000,0x00000005cc923ea0,0x00000005d8200000)
 Metaspace       used 24825K, capacity 25434K, committed 25472K, reserved 1071104K
  class space    used 2786K, capacity 2907K, committed 2944K, reserved 1048576K
}
Event: 41,678 GC heap before
{Heap before GC invocations=11 (full 1):
 PSYoungGen      total 328192K, used 319154K [0x0000000719100000, 0x0000000732300000, 0x00000007c0000000)
  eden space 299520K, 100% used [0x0000000719100000,0x000000072b580000,0x000000072b580000)
  from space 28672K, 68% used [0x000000072b580000,0x000000072c8aca20,0x000000072d180000)
  to   space 27648K, 0% used [0x0000000730800000,0x0000000730800000,0x0000000732300000)
 ParOldGen       total 212992K, used 23695K [0x00000005cb200000, 0x00000005d8200000, 0x0000000719100000)
  object space 212992K, 11% used [0x00000005cb200000,0x00000005cc923ea0,0x00000005d8200000)
 Metaspace       used 24852K, capacity 25448K, committed 25728K, reserved 1073152K
  class space    used 2787K, capacity 2910K, committed 2944K, reserved 1048576K
Event: 41,697 GC heap after
Heap after GC invocations=11 (full 1):
 PSYoungGen      total 377856K, used 19666K [0x0000000719100000, 0x0000000731f80000, 0x00000007c0000000)
  eden space 353792K, 0% used [0x0000000719100000,0x0000000719100000,0x000000072ea80000)
  from space 24064K, 81% used [0x0000000730800000,0x0000000731b34a40,0x0000000731f80000)
  to   space 27136K, 0% used [0x000000072ea80000,0x000000072ea80000,0x0000000730500000)
 ParOldGen       total 212992K, used 23695K [0x00000005cb200000, 0x00000005d8200000, 0x0000000719100000)
  object space 212992K, 11% used [0x00000005cb200000,0x00000005cc923ea0,0x00000005d8200000)
 Metaspace       used 24852K, capacity 25448K, committed 25728K, reserved 1073152K
  class space    used 2787K, capacity 2910K, committed 2944K, reserved 1048576K
}
Event: 44,463 GC heap before
{Heap before GC invocations=12 (full 1):
 PSYoungGen      total 377856K, used 373458K [0x0000000719100000, 0x0000000731f80000, 0x00000007c0000000)
  eden space 353792K, 100% used [0x0000000719100000,0x000000072ea80000,0x000000072ea80000)
  from space 24064K, 81% used [0x0000000730800000,0x0000000731b34a40,0x0000000731f80000)
  to   space 27136K, 0% used [0x000000072ea80000,0x000000072ea80000,0x0000000730500000)
 ParOldGen       total 212992K, used 23695K [0x00000005cb200000, 0x00000005d8200000, 0x0000000719100000)
  object space 212992K, 11% used [0x00000005cb200000,0x00000005cc923ea0,0x00000005d8200000)
 Metaspace       used 24900K, capacity 25522K, committed 25728K, reserved 1073152K
  class space    used 2788K, capacity 2911K, committed 2944K, reserved 1048576K
Event: 44,480 GC heap after
Heap after GC invocations=12 (full 1):
 PSYoungGen      total 380928K, used 19634K [0x0000000719100000, 0x0000000735880000, 0x00000007c0000000)
  eden space 353792K, 0% used [0x0000000719100000,0x0000000719100000,0x000000072ea80000)
  from space 27136K, 72% used [0x000000072ea80000,0x000000072fdaca20,0x0000000730500000)
  to   space 26624K, 0% used [0x0000000733e80000,0x0000000733e80000,0x0000000735880000)
 ParOldGen       total 212992K, used 23703K [0x00000005cb200000, 0x00000005d8200000, 0x0000000719100000)
  object space 212992K, 11% used [0x00000005cb200000,0x00000005cc925ea0,0x00000005d8200000)
 Metaspace       used 24900K, capacity 25522K, committed 25728K, reserved 1073152K
  class space    used 2788K, capacity 2911K, committed 2944K, reserved 1048576K
}
Event: 53,264 GC heap before
{Heap before GC invocations=13 (full 1):
 PSYoungGen      total 380928K, used 373426K [0x0000000719100000, 0x0000000735880000, 0x00000007c0000000)
  eden space 353792K, 100% used [0x0000000719100000,0x000000072ea80000,0x000000072ea80000)
  from space 27136K, 72% used [0x000000072ea80000,0x000000072fdaca20,0x0000000730500000)
  to   space 26624K, 0% used [0x0000000733e80000,0x0000000733e80000,0x0000000735880000)
 ParOldGen       total 212992K, used 23703K [0x00000005cb200000, 0x00000005d8200000, 0x0000000719100000)
  object space 212992K, 11% used [0x00000005cb200000,0x00000005cc925ea0,0x00000005d8200000)
 Metaspace       used 24938K, capacity 25534K, committed 25728K, reserved 1073152K
  class space    used 2789K, capacity 2913K, committed 2944K, reserved 1048576K
Event: 53,283 GC heap after
Heap after GC invocations=13 (full 1):
 PSYoungGen      total 424960K, used 19602K [0x0000000719100000, 0x0000000735200000, 0x00000007c0000000)
  eden space 404992K, 0% used [0x0000000719100000,0x0000000719100000,0x0000000731c80000)
  from space 19968K, 98% used [0x0000000733e80000,0x00000007351a4a40,0x0000000735200000)
  to   space 26112K, 0% used [0x0000000731f00000,0x0000000731f00000,0x0000000733880000)
 ParOldGen       total 212992K, used 23711K [0x00000005cb200000, 0x00000005d8200000, 0x0000000719100000)
  object space 212992K, 11% used [0x00000005cb200000,0x00000005cc927ea0,0x00000005d8200000)
 Metaspace       used 24938K, capacity 25534K, committed 25728K, reserved 1073152K
  class space    used 2789K, capacity 2913K, committed 2944K, reserved 1048576K
}
Event: 60,005 GC heap before
{Heap before GC invocations=14 (full 1):
 PSYoungGen      total 424960K, used 424594K [0x0000000719100000, 0x0000000735200000, 0x00000007c0000000)
  eden space 404992K, 100% used [0x0000000719100000,0x0000000731c80000,0x0000000731c80000)
  from space 19968K, 98% used [0x0000000733e80000,0x00000007351a4a40,0x0000000735200000)
  to   space 26112K, 0% used [0x0000000731f00000,0x0000000731f00000,0x0000000733880000)
 ParOldGen       total 212992K, used 23711K [0x00000005cb200000, 0x00000005d8200000, 0x0000000719100000)
  object space 212992K, 11% used [0x00000005cb200000,0x00000005cc927ea0,0x00000005d8200000)
 Metaspace       used 24940K, capacity 25534K, committed 25728K, reserved 1073152K
  class space    used 2789K, capacity 2913K, committed 2944K, reserved 1048576K
Event: 60,021 GC heap after
Heap after GC invocations=14 (full 1):
 PSYoungGen      total 433664K, used 19650K [0x0000000719100000, 0x0000000737f80000, 0x00000007c0000000)
  eden space 407552K, 0% used [0x0000000719100000,0x0000000719100000,0x0000000731f00000)
  from space 26112K, 75% used [0x0000000731f00000,0x0000000733230a30,0x0000000733880000)
  to   space 25600K, 0% used [0x0000000736680000,0x0000000736680000,0x0000000737f80000)
 ParOldGen       total 212992K, used 23719K [0x00000005cb200000, 0x00000005d8200000, 0x0000000719100000)
  object space 212992K, 11% used [0x00000005cb200000,0x00000005cc929ea0,0x00000005d8200000)
 Metaspace       used 24940K, capacity 25534K, committed 25728K, reserved 1073152K
  class space    used 2789K, capacity 2913K, committed 2944K, reserved 1048576K
}

